<?xml version="1.0" encoding="UTF-8"?>
<!-- Generated by org.testng.reporters.JUnitReportReporter -->
<testsuite skipped="0" hostname="SHREE-PC" name="com.crm.qa.testcases.LoginCRMtest" tests="1" failures="0" timestamp="31 May 2018 02:41:28 GMT" time="30.519" errors="0">
  <testcase name="logintest" time="30.519" classname="com.crm.qa.testcases.LoginCRMtest"/>
</testsuite> <!-- com.crm.qa.testcases.LoginCRMtest -->
